
> vibe-generated-app@1.0.0 dev
> vite


  VITE v5.4.20  ready in 271 ms

  ➜  Local:   http://localhost:3000/
  ➜  Network: http://172.20.19.181:3000/
5:28:59 PM [vite] Internal server error: Failed to resolve import "@mediapipe/hands" from "src/components/GestureCanvas.jsx". Does the file exist?
  Plugin: vite:import-analysis
  File: /home/workspace/src/components/GestureCanvas.jsx:4:22
  3  |  import { motion, AnimatePresence } from "framer-motion";
  4  |  import Spline from "@splinetool/react-spline";
  5  |  import { Hands } from "@mediapipe/hands";
     |                         ^
  6  |  import { drawConnectors, drawLandmarks } from "@mediapipe/drawing_utils";
  7  |  import { Camera } from "@mediapipe/camera_utils";
      at TransformPluginContext._formatError (file:///home/workspace/node_modules/vite/dist/node/chunks/dep-D_zLpgQd.js:49258:41)
      at TransformPluginContext.error (file:///home/workspace/node_modules/vite/dist/node/chunks/dep-D_zLpgQd.js:49253:16)
      at normalizeUrl (file:///home/workspace/node_modules/vite/dist/node/chunks/dep-D_zLpgQd.js:64306:23)
      at process.processTicksAndRejections (node:internal/process/task_queues:105:5)
      at async file:///home/workspace/node_modules/vite/dist/node/chunks/dep-D_zLpgQd.js:64438:39
      at async Promise.all (index 4)
      at async TransformPluginContext.transform (file:///home/workspace/node_modules/vite/dist/node/chunks/dep-D_zLpgQd.js:64365:7)
      at async PluginContainer.transform (file:///home/workspace/node_modules/vite/dist/node/chunks/dep-D_zLpgQd.js:49099:18)
      at async loadAndTransform (file:///home/workspace/node_modules/vite/dist/node/chunks/dep-D_zLpgQd.js:51977:27)
5:28:59 PM [vite] Pre-transform error: Failed to resolve import "@mediapipe/hands" from "src/components/GestureCanvas.jsx". Does the file exist?
5:29:03 PM [vite] Internal server error: Failed to resolve import "@mediapipe/hands" from "src/components/GestureCanvas.jsx". Does the file exist?
  Plugin: vite:import-analysis
  File: /home/workspace/src/components/GestureCanvas.jsx:4:22
  3  |  import { motion, AnimatePresence } from "framer-motion";
  4  |  import Spline from "@splinetool/react-spline";
  5  |  import { Hands } from "@mediapipe/hands";
     |                         ^
  6  |  import { drawConnectors, drawLandmarks } from "@mediapipe/drawing_utils";
  7  |  import { Camera } from "@mediapipe/camera_utils";
      at TransformPluginContext._formatError (file:///home/workspace/node_modules/vite/dist/node/chunks/dep-D_zLpgQd.js:49258:41)
      at TransformPluginContext.error (file:///home/workspace/node_modules/vite/dist/node/chunks/dep-D_zLpgQd.js:49253:16)
      at normalizeUrl (file:///home/workspace/node_modules/vite/dist/node/chunks/dep-D_zLpgQd.js:64306:23)
      at process.processTicksAndRejections (node:internal/process/task_queues:105:5)
      at async file:///home/workspace/node_modules/vite/dist/node/chunks/dep-D_zLpgQd.js:64438:39
      at async Promise.all (index 4)
      at async TransformPluginContext.transform (file:///home/workspace/node_modules/vite/dist/node/chunks/dep-D_zLpgQd.js:64365:7)
      at async PluginContainer.transform (file:///home/workspace/node_modules/vite/dist/node/chunks/dep-D_zLpgQd.js:49099:18)
      at async loadAndTransform (file:///home/workspace/node_modules/vite/dist/node/chunks/dep-D_zLpgQd.js:51977:27)
      at async viteTransformMiddleware (file:///home/workspace/node_modules/vite/dist/node/chunks/dep-D_zLpgQd.js:62105:24)
5:29:38 PM [vite] Internal server error: Failed to resolve import "@mediapipe/hands" from "src/components/GestureCanvas.jsx". Does the file exist?
  Plugin: vite:import-analysis
  File: /home/workspace/src/components/GestureCanvas.jsx:4:22
  3  |  import { motion, AnimatePresence } from "framer-motion";
  4  |  import Spline from "@splinetool/react-spline";
  5  |  import { Hands } from "@mediapipe/hands";
     |                         ^
  6  |  import { drawConnectors, drawLandmarks } from "@mediapipe/drawing_utils";
  7  |  import { Camera } from "@mediapipe/camera_utils";
      at TransformPluginContext._formatError (file:///home/workspace/node_modules/vite/dist/node/chunks/dep-D_zLpgQd.js:49258:41)
      at TransformPluginContext.error (file:///home/workspace/node_modules/vite/dist/node/chunks/dep-D_zLpgQd.js:49253:16)
      at normalizeUrl (file:///home/workspace/node_modules/vite/dist/node/chunks/dep-D_zLpgQd.js:64306:23)
      at process.processTicksAndRejections (node:internal/process/task_queues:105:5)
      at async file:///home/workspace/node_modules/vite/dist/node/chunks/dep-D_zLpgQd.js:64438:39
      at async Promise.all (index 4)
      at async TransformPluginContext.transform (file:///home/workspace/node_modules/vite/dist/node/chunks/dep-D_zLpgQd.js:64365:7)
      at async PluginContainer.transform (file:///home/workspace/node_modules/vite/dist/node/chunks/dep-D_zLpgQd.js:49099:18)
      at async loadAndTransform (file:///home/workspace/node_modules/vite/dist/node/chunks/dep-D_zLpgQd.js:51977:27)
      at async viteTransformMiddleware (file:///home/workspace/node_modules/vite/dist/node/chunks/dep-D_zLpgQd.js:62105:24)
